  compilation object save succeeded; see C:\Users\81906\Documents\GitHub\game\GM31_01_DirectX【3Dモデルの表示】VS2022 - コピー\GM31_01_DirectX【3Dモデルの表示】VS2022 - コピー\GM_0425\shader\unlitTexturePS.cso
  compilation object save succeeded; see C:\Users\81906\Documents\GitHub\game\GM31_01_DirectX【3Dモデルの表示】VS2022 - コピー\GM31_01_DirectX【3Dモデルの表示】VS2022 - コピー\GM_0425\shader\unlitTextureVS.cso
  compilation object save succeeded; see C:\Users\81906\Documents\GitHub\game\GM31_01_DirectX【3Dモデルの表示】VS2022 - コピー\GM31_01_DirectX【3Dモデルの表示】VS2022 - コピー\GM_0425\shader\vertexLightingPS.cso
  compilation object save succeeded; see C:\Users\81906\Documents\GitHub\game\GM31_01_DirectX【3Dモデルの表示】VS2022 - コピー\GM31_01_DirectX【3Dモデルの表示】VS2022 - コピー\GM_0425\shader\vertexLightingVS.cso
  animationModel.cpp
  audio.cpp
  box.cpp
  bullet.cpp
  camera.cpp
  child.cpp
  count.cpp
  cylinder.cpp
  enemy.cpp
  explosion.cpp
  fade.cpp
  field.cpp
  game.cpp
  input.cpp
  main.cpp
  manager.cpp
  meshField.cpp
c:\users\81906\documents\github\game\gm31_01_directx【3dモデルの表示】vs2022 - コピー\gm31_01_directx【3dモデルの表示】vs2022 - コピー\gm_0425\meshfield.cpp(211): warning C4244: '=': 'float' から 'int' への変換です。データが失われる可能性があります。
c:\users\81906\documents\github\game\gm31_01_directx【3dモデルの表示】vs2022 - コピー\gm31_01_directx【3dモデルの表示】vs2022 - コピー\gm_0425\meshfield.cpp(212): warning C4244: '=': 'float' から 'int' への変換です。データが失われる可能性があります。
  model.cpp
  office.cpp
  player.cpp
c:\users\81906\documents\github\game\gm31_01_directx【3dモデルの表示】vs2022 - コピー\gm31_01_directx【3dモデルの表示】vs2022 - コピー\gm_0425\player.cpp(271): warning C4305: '引数': 'double' から 'FLOAT' へ切り詰めます。
  コードを生成中...
  コンパイル中...
  polygon2D.cpp
  renderer.cpp
  result.cpp
  resultLogo.cpp
  resultLogoLose.cpp
  resultLogoPerfect.cpp
  resultLose.cpp
  resultPerfect.cpp
  rock.cpp
  score.cpp
  shadow.cpp
  sky.cpp
  sprite.cpp
  title.cpp
  titleLogo.cpp
  tree.cpp
  tutorial.cpp
  yoyo.cpp
  コードを生成中...
  GM_0425.vcxproj -> C:\Users\81906\Documents\GitHub\game\GM31_01_DirectX【3Dモデルの表示】VS2022 - コピー\GM31_01_DirectX【3Dモデルの表示】VS2022 - コピー\x64\Debug\GM_0425.exe
